<?xml version="1.0" encoding="UTF-8"?>
<testsuite name="com.choe.board.BoardApplicationTests" tests="1" skipped="0" failures="0" errors="0" timestamp="2025-04-04T07:32:14" hostname="Macbook-froggo.local" time="0.214">
  <properties/>
  <testcase name="contextLoads()" classname="com.choe.board.BoardApplicationTests" time="0.214"/>
  <system-out><![CDATA[16:32:12.656 [Test worker] DEBUG org.springframework.test.context.BootstrapUtils - Instantiating CacheAwareContextLoaderDelegate from class [org.springframework.test.context.cache.DefaultCacheAwareContextLoaderDelegate]
16:32:12.664 [Test worker] DEBUG org.springframework.test.context.BootstrapUtils - Instantiating BootstrapContext using constructor [public org.springframework.test.context.support.DefaultBootstrapContext(java.lang.Class,org.springframework.test.context.CacheAwareContextLoaderDelegate)]
16:32:12.689 [Test worker] DEBUG org.springframework.test.context.BootstrapUtils - Instantiating TestContextBootstrapper for test class [com.choe.board.BoardApplicationTests] from class [org.springframework.boot.test.context.SpringBootTestContextBootstrapper]
16:32:12.695 [Test worker] INFO org.springframework.boot.test.context.SpringBootTestContextBootstrapper - Neither @ContextConfiguration nor @ContextHierarchy found for test class [com.choe.board.BoardApplicationTests], using SpringBootContextLoader
16:32:12.697 [Test worker] DEBUG org.springframework.test.context.support.AbstractContextLoader - Did not detect default resource location for test class [com.choe.board.BoardApplicationTests]: class path resource [com/choe/board/BoardApplicationTests-context.xml] does not exist
16:32:12.697 [Test worker] DEBUG org.springframework.test.context.support.AbstractContextLoader - Did not detect default resource location for test class [com.choe.board.BoardApplicationTests]: class path resource [com/choe/board/BoardApplicationTestsContext.groovy] does not exist
16:32:12.698 [Test worker] INFO org.springframework.test.context.support.AbstractContextLoader - Could not detect default resource locations for test class [com.choe.board.BoardApplicationTests]: no resource found for suffixes {-context.xml, Context.groovy}.
16:32:12.698 [Test worker] INFO org.springframework.test.context.support.AnnotationConfigContextLoaderUtils - Could not detect default configuration classes for test class [com.choe.board.BoardApplicationTests]: BoardApplicationTests does not declare any static, non-private, non-final, nested classes annotated with @Configuration.
16:32:12.721 [Test worker] DEBUG org.springframework.test.context.support.ActiveProfilesUtils - Could not find an 'annotation declaring class' for annotation type [org.springframework.test.context.ActiveProfiles] and class [com.choe.board.BoardApplicationTests]
16:32:12.758 [Test worker] DEBUG org.springframework.context.annotation.ClassPathScanningCandidateComponentProvider - Identified candidate component class: file [/Users/ianchoefroggggy/Documents/GitHub/board/build/classes/java/main/com/choe/board/BoardApplication.class]
16:32:12.768 [Test worker] INFO org.springframework.boot.test.context.SpringBootTestContextBootstrapper - Found @SpringBootConfiguration com.choe.board.BoardApplication for test class com.choe.board.BoardApplicationTests
16:32:12.811 [Test worker] DEBUG org.springframework.boot.test.context.SpringBootTestContextBootstrapper - @TestExecutionListeners is not present for class [com.choe.board.BoardApplicationTests]: using defaults.
16:32:12.812 [Test worker] INFO org.springframework.boot.test.context.SpringBootTestContextBootstrapper - Loaded default TestExecutionListener class names from location [META-INF/spring.factories]: [org.springframework.boot.test.autoconfigure.restdocs.RestDocsTestExecutionListener, org.springframework.boot.test.autoconfigure.web.client.MockRestServiceServerResetTestExecutionListener, org.springframework.boot.test.autoconfigure.web.servlet.MockMvcPrintOnlyOnFailureTestExecutionListener, org.springframework.boot.test.autoconfigure.web.servlet.WebDriverTestExecutionListener, org.springframework.boot.test.autoconfigure.webservices.client.MockWebServiceServerTestExecutionListener, org.springframework.boot.test.mock.mockito.MockitoTestExecutionListener, org.springframework.boot.test.mock.mockito.ResetMocksTestExecutionListener, org.springframework.test.context.web.ServletTestExecutionListener, org.springframework.test.context.support.DirtiesContextBeforeModesTestExecutionListener, org.springframework.test.context.event.ApplicationEventsTestExecutionListener, org.springframework.test.context.support.DependencyInjectionTestExecutionListener, org.springframework.test.context.support.DirtiesContextTestExecutionListener, org.springframework.test.context.transaction.TransactionalTestExecutionListener, org.springframework.test.context.jdbc.SqlScriptsTestExecutionListener, org.springframework.test.context.event.EventPublishingTestExecutionListener]
16:32:12.821 [Test worker] INFO org.springframework.boot.test.context.SpringBootTestContextBootstrapper - Using TestExecutionListeners: [org.springframework.test.context.web.ServletTestExecutionListener@4a3329b9, org.springframework.test.context.support.DirtiesContextBeforeModesTestExecutionListener@3dddefd8, org.springframework.test.context.event.ApplicationEventsTestExecutionListener@160ac7fb, org.springframework.boot.test.mock.mockito.MockitoTestExecutionListener@12bfd80d, org.springframework.boot.test.autoconfigure.SpringBootDependencyInjectionTestExecutionListener@41925502, org.springframework.test.context.support.DirtiesContextTestExecutionListener@13e3c1c7, org.springframework.test.context.transaction.TransactionalTestExecutionListener@5316e95f, org.springframework.test.context.jdbc.SqlScriptsTestExecutionListener@3f053c80, org.springframework.test.context.event.EventPublishingTestExecutionListener@6c6c5427, org.springframework.boot.test.autoconfigure.restdocs.RestDocsTestExecutionListener@618c5d94, org.springframework.boot.test.autoconfigure.web.client.MockRestServiceServerResetTestExecutionListener@5b40ceb, org.springframework.boot.test.autoconfigure.web.servlet.MockMvcPrintOnlyOnFailureTestExecutionListener@13c3c1e1, org.springframework.boot.test.autoconfigure.web.servlet.WebDriverTestExecutionListener@1d8062d2, org.springframework.boot.test.autoconfigure.webservices.client.MockWebServiceServerTestExecutionListener@1e63ec0b, org.springframework.boot.test.mock.mockito.ResetMocksTestExecutionListener@3b956878]
16:32:12.823 [Test worker] DEBUG org.springframework.test.context.support.AbstractDirtiesContextTestExecutionListener - Before test class: context [DefaultTestContext@5827af16 testClass = BoardApplicationTests, testInstance = [null], testMethod = [null], testException = [null], mergedContextConfiguration = [WebMergedContextConfiguration@654d8173 testClass = BoardApplicationTests, locations = '{}', classes = '{class com.choe.board.BoardApplication}', contextInitializerClasses = '[]', activeProfiles = '{}', propertySourceLocations = '{}', propertySourceProperties = '{org.springframework.boot.test.context.SpringBootTestContextBootstrapper=true}', contextCustomizers = set[org.springframework.boot.test.autoconfigure.actuate.metrics.MetricsExportContextCustomizerFactory$DisableMetricExportContextCustomizer@95e33cc, org.springframework.boot.test.autoconfigure.properties.PropertyMappingContextCustomizer@0, org.springframework.boot.test.autoconfigure.web.servlet.WebDriverContextCustomizerFactory$Customizer@3697186, org.springframework.boot.test.context.filter.ExcludeFilterContextCustomizer@46b61c56, org.springframework.boot.test.json.DuplicateJsonObjectContextCustomizerFactory$DuplicateJsonObjectContextCustomizer@12d2ce03, org.springframework.boot.test.mock.mockito.MockitoContextCustomizer@0, org.springframework.boot.test.web.client.TestRestTemplateContextCustomizer@5be46f9d, org.springframework.boot.test.context.SpringBootTestArgs@1, org.springframework.boot.test.context.SpringBootTestWebEnvironment@561b6512], resourceBasePath = 'src/main/webapp', contextLoader = 'org.springframework.boot.test.context.SpringBootContextLoader', parent = [null]], attributes = map['org.springframework.test.context.web.ServletTestExecutionListener.activateListener' -> true]], class annotated with @DirtiesContext [false] with mode [null].

  .   ____          _            __ _ _
 /\\ / ___'_ __ _ _(_)_ __  __ _ \ \ \ \
( ( )\___ | '_ | '_| | '_ \/ _` | \ \ \ \
 \\/  ___)| |_)| | | | | || (_| |  ) ) ) )
  '  |____| .__|_| |_|_| |_\__, | / / / /
 =========|_|==============|___/=/_/_/_/
 :: Spring Boot ::               (v2.7.12)

2025-04-04 16:32:13.050  INFO 17601 --- [    Test worker] com.choe.board.BoardApplicationTests     : Starting BoardApplicationTests using Java 17.0.11 on Macbook-froggo.local with PID 17601 (started by ianchoefroggggy in /Users/ianchoefroggggy/Documents/GitHub/board)
2025-04-04 16:32:13.051  INFO 17601 --- [    Test worker] com.choe.board.BoardApplicationTests     : No active profile set, falling back to 1 default profile: "default"
2025-04-04 16:32:14.404  INFO 17601 --- [    Test worker] com.choe.board.BoardApplicationTests     : Started BoardApplicationTests in 1.561 seconds (JVM running for 2.183)
]]></system-out>
  <system-err><![CDATA[]]></system-err>
</testsuite>
